<?xml version="1.0" encoding="UTF-8"?>
<!-- Generated by org.testng.reporters.JUnitXMLReporter -->
<testsuite hostname="Admin-PC" ignored="0" name="MobileAutomation" tests="1" failures="1" timestamp="22 Jun 2020 06:58:39 GMT" time="108.127" errors="0">
  <testcase name="feature" time="53.466" classname="cucumber.api.testng.AbstractTestNGCucumberTests">
    <failure type="cucumber.runtime.CucumberException" message="java.lang.NullPointerException">
      <![CDATA[cucumber.runtime.CucumberException: java.lang.NullPointerException
at cucumber.api.testng.TestNGCucumberRunner.runCucumber(TestNGCucumberRunner.java:69)
at cucumber.api.testng.AbstractTestNGCucumberTests.feature(AbstractTestNGCucumberTests.java:21)
Caused by: java.lang.NullPointerException
at stepDefination.General_Store_Step.launch_general_Store_hybrid_App(General_Store_Step.java:37)
at ✽.Given launch general Store hybrid App(login.feature:46)
... Removed 25 stack frames]]>
    </failure>
  </testcase> <!-- feature -->
</testsuite> <!-- MobileAutomation -->
