<?xml version="1.0" encoding="UTF-8"?>
<testng-results skipped="0" failed="1" ignored="0" total="1" passed="0">
  <reporter-output>
  </reporter-output>
  <suite name="Regression" duration-ms="108127" started-at="2020-06-22T06:56:51Z" finished-at="2020-06-22T06:58:39Z">
    <groups>
      <group name="cucumber">
        <method signature="AbstractTestNGCucumberTests.feature(cucumber.api.testng.CucumberFeatureWrapper)[pri:0, instance:com.nilava.Appium.Runner.TestRunner@1f554b06]" name="feature" class="cucumber.api.testng.AbstractTestNGCucumberTests"/>
      </group> <!-- cucumber -->
    </groups>
    <test name="MobileAutomation" duration-ms="108127" started-at="2020-06-22T06:56:51Z" finished-at="2020-06-22T06:58:39Z">
      <class name="com.nilava.Appium.Runner.TestRunner">
        <test-method status="PASS" signature="setUpClass()[pri:0, instance:com.nilava.Appium.Runner.TestRunner@1f554b06]" name="setUpClass" is-config="true" duration-ms="1394" started-at="2020-06-22T06:56:51Z" finished-at="2020-06-22T06:56:52Z">
          <reporter-output>
          </reporter-output>
        </test-method> <!-- setUpClass -->
        <test-method status="PASS" signature="startServer()[pri:0, instance:com.nilava.Appium.Runner.TestRunner@1f554b06]" name="startServer" is-config="true" duration-ms="48599" started-at="2020-06-22T06:56:52Z" finished-at="2020-06-22T06:57:41Z">
          <reporter-output>
          </reporter-output>
        </test-method> <!-- startServer -->
        <test-method status="FAIL" signature="feature(cucumber.api.testng.CucumberFeatureWrapper)[pri:0, instance:com.nilava.Appium.Runner.TestRunner@1f554b06]" name="feature" duration-ms="53466" started-at="2020-06-22T06:57:41Z" description="Runs Cucumber Feature" data-provider="features" finished-at="2020-06-22T06:58:35Z">
          <params>
            <param index="0">
              <value>
                <![CDATA[Launch General store hybrid Mobile App and perform some operation]]>
              </value>
            </param>
          </params>
          <exception class="cucumber.runtime.CucumberException">
            <message>
              <![CDATA[java.lang.NullPointerException]]>
            </message>
            <full-stacktrace>
              <![CDATA[cucumber.runtime.CucumberException: java.lang.NullPointerException
at cucumber.api.testng.TestNGCucumberRunner.runCucumber(TestNGCucumberRunner.java:69)
at cucumber.api.testng.AbstractTestNGCucumberTests.feature(AbstractTestNGCucumberTests.java:21)
at sun.reflect.NativeMethodAccessorImpl.invoke0(Native Method)
at sun.reflect.NativeMethodAccessorImpl.invoke(NativeMethodAccessorImpl.java:62)
at sun.reflect.DelegatingMethodAccessorImpl.invoke(DelegatingMethodAccessorImpl.java:43)
at java.lang.reflect.Method.invoke(Method.java:498)
at org.testng.internal.MethodInvocationHelper.invokeMethod(MethodInvocationHelper.java:124)
at org.testng.internal.Invoker.invokeMethod(Invoker.java:583)
at org.testng.internal.Invoker.invokeTestMethod(Invoker.java:719)
at org.testng.internal.Invoker.invokeTestMethods(Invoker.java:989)
at org.testng.internal.TestMethodWorker.invokeTestMethods(TestMethodWorker.java:125)
at org.testng.internal.TestMethodWorker.run(TestMethodWorker.java:109)
at org.testng.TestRunner.privateRun(TestRunner.java:648)
at org.testng.TestRunner.run(TestRunner.java:505)
at org.testng.SuiteRunner.runTest(SuiteRunner.java:455)
at org.testng.SuiteRunner.runSequentially(SuiteRunner.java:450)
at org.testng.SuiteRunner.privateRun(SuiteRunner.java:415)
at org.testng.SuiteRunner.run(SuiteRunner.java:364)
at org.testng.SuiteRunnerWorker.runSuite(SuiteRunnerWorker.java:52)
at org.testng.SuiteRunnerWorker.run(SuiteRunnerWorker.java:84)
at org.testng.TestNG.runSuitesSequentially(TestNG.java:1208)
at org.testng.TestNG.runSuitesLocally(TestNG.java:1137)
at org.testng.TestNG.runSuites(TestNG.java:1049)
at org.testng.TestNG.run(TestNG.java:1017)
at org.testng.remote.AbstractRemoteTestNG.run(AbstractRemoteTestNG.java:114)
at org.testng.remote.RemoteTestNG.initAndRun(RemoteTestNG.java:251)
at org.testng.remote.RemoteTestNG.main(RemoteTestNG.java:77)
Caused by: java.lang.NullPointerException
at stepDefination.General_Store_Step.launch_general_Store_hybrid_App(General_Store_Step.java:37)
at ✽.Given launch general Store hybrid App(login.feature:46)
]]>
            </full-stacktrace>
          </exception> <!-- cucumber.runtime.CucumberException -->
          <reporter-output>
          </reporter-output>
        </test-method> <!-- feature -->
        <test-method status="PASS" signature="tearDownClass()[pri:0, instance:com.nilava.Appium.Runner.TestRunner@1f554b06]" name="tearDownClass" is-config="true" duration-ms="4243" started-at="2020-06-22T06:58:35Z" finished-at="2020-06-22T06:58:39Z">
          <reporter-output>
          </reporter-output>
        </test-method> <!-- tearDownClass -->
        <test-method status="PASS" signature="stopServer()[pri:0, instance:com.nilava.Appium.Runner.TestRunner@1f554b06]" name="stopServer" is-config="true" duration-ms="0" started-at="2020-06-22T06:58:35Z" finished-at="2020-06-22T06:58:35Z">
          <reporter-output>
          </reporter-output>
        </test-method> <!-- stopServer -->
      </class> <!-- com.nilava.Appium.Runner.TestRunner -->
    </test> <!-- MobileAutomation -->
  </suite> <!-- Regression -->
</testng-results>
